
ROM used:   2455/8192 (30%)
            2468/8192 (30%) including unused fragments

            2.3 Average locations per line
            10.4 Average locations per statement

RAM used:   40/368 (11%) at main() level
            67/368 (18%) worst case

Stack used: 4 worst case (3 in main + 1 for interrupts)
Stack size: 8

Lines Stmts  %   Files
----- ----- ---  -----
  235   183  78  main.c
   19     0   0  main.h
  674     0   0  C:\Program Files (x86)\PICC\Devices\16F877A.h
  127    53  22  lcd_8bits.c
----- -----
 1055   236 Total

Page ROM  %  RAM    Vol Diff  Functions:
---- --- --- ---    --- ----  ----------
0     20   1    1             @delay_ms1
0     52   2    2    294  4.3  output
0     32   1    1    154  1.8  lcd_write_cmd
0     32   1    1    154  1.8  lcd_write_dat
0     31   1    0    179  1.4  lcd_init
0     16   1    4    196  6.1  lcd_gotoxy
0     14   1    1    119  3.4  TIMER0_isr
1    188   8    0   1160  3.8  MAIN
0    117   5   13             @MULFF
 Inline         5             @FTOSD
0     79   3   13             @DIV3232
0    224   9   13             @PRINTF_L32D_602FPFPF
0    255  10    4    554  4.1  le_entradas
 Inline         5             @MUL1616
0     29   1    2             @ITOF
0    321  13   16             @ADDFF
0    202   8   14             @DIVFF
1     19   1    1    202  4.0  le_botaoS1
1     95   4    1    380  5.2  le_botaoS2
0     63   3   10             @FLT
1     99   4    1    380  5.2  le_botaoS3
1     19   1    1    202  4.0  le_botaoS4
0    356  15    0   1814  6.3  controla_processo
0      3   0    0             @const683
0     86   4    4             @PSTRINGC7_602
0      3   0    0             @const688
0      3   0    0             @const689
0      3   0    0             @const690
0      3   0    0             @const691
0      3   0    0             @const693
0      3   0    0             @const694
0      3   0    0             @const695
0      3   0    0             @const696
 Inline         0             @cinit1

Program metrics:
    Functions               13
    Statements              236
    Comments                167
    Volume (V)              9124
    Difficulty (D)          49.4
    Effort to implement (E) 451045
    Time to implement (T)   6 hours, 58 minutes
    Est Delivered Bugs (B)  2
    Cyclomatic Complexity   36
    Maintainability (MI)    56

 Segment     Used  Free
-----------  ----  ----
00000-00003     4  0  
00004-0004E    75  0  
0004F-007FF  1956  13  
00800-00FFF   420  1628  
01000-017FF     0  2048  
01800-01FFF     0  2048  



