
ROM used:   2244/8192 (27%)
            2244/8192 (27%) including unused fragments

            2.2 Average locations per line
            11.1 Average locations per statement

RAM used:   35/368 (10%) at main() level
            62/368 (17%) worst case

Stack used: 4 worst case (3 in main + 1 for interrupts)
Stack size: 8

Lines Stmts  %   Files
----- ----- ---  -----
  208   150  74  main.c
   16     0   0  main.h
  674     0   0  C:\Program Files (x86)\PICC\Devices\16F877A.h
  127    53  26  lcd_8bits.c
----- -----
 1025   203 Total

Page ROM  %  RAM    Vol Diff  Functions:
---- --- --- ---    --- ----  ----------
0     20   1    1             @delay_ms1
0     52   2    2    294  4.3  output
0     32   1    1    154  1.8  lcd_write_cmd
0     32   1    1    154  1.8  lcd_write_dat
0     31   1    0    179  1.4  lcd_init
0     16   1    4    196  6.1  lcd_gotoxy
0     14   1    1    119  3.4  TIMER0_isr
1    196   9    0   1160  3.8  MAIN
0    117   5   13             @MULFF
 Inline         5             @FTOSD
0     79   4   13             @DIV3232
0    224  10   13             @PRINTF_L32D_603FPFPF
0    298  13    4    898  5.6  le_entradas
0     29   1    2             @ITOF
0    321  14   16             @ADDFF
0    202   9   14             @DIVFF
0     99   4    9             @PRINTF_LU_603
0     19   1    1    202  4.0  le_botaoS1
0     89   4    1    380  5.2  le_botaoS2
0     63   3   10             @FLT
0     91   4    1    380  5.2  le_botaoS3
0     19   1    1    202  4.0  le_botaoS4
0    154   7    0    575  4.7  controla_processo
 Inline         0             @cinit1

Program metrics:
    Functions               13
    Statements              203
    Comments                171
    Volume (V)              7946
    Difficulty (D)          50.1
    Effort to implement (E) 397838
    Time to implement (T)   6 hours, 8 minutes
    Est Delivered Bugs (B)  2
    Cyclomatic Complexity   28
    Maintainability (MI)    62

 Segment     Used  Free
-----------  ----  ----
00000-00003     4  0  
00004-0002E    43  0  
0002F-007FF  2001  0  
00800-00FFF   196  1852  
01000-017FF     0  2048  
01800-01FFF     0  2048  



